{"total": {"lines":{"total":135,"covered":135,"skipped":0,"pct":100},"statements":{"total":152,"covered":152,"skipped":0,"pct":100},"functions":{"total":26,"covered":26,"skipped":0,"pct":100},"branches":{"total":80,"covered":80,"skipped":0,"pct":100},"branchesTrue":{"total":0,"covered":0,"skipped":0,"pct":"Unknown"}}
,"/home/runner/work/terser-mangle/terser-mangle/src/cache.ts": {"lines":{"total":29,"covered":29,"skipped":0,"pct":100},"functions":{"total":7,"covered":7,"skipped":0,"pct":100},"statements":{"total":30,"covered":30,"skipped":0,"pct":100},"branches":{"total":15,"covered":15,"skipped":0,"pct":100}}
,"/home/runner/work/terser-mangle/terser-mangle/src/cli-runner.ts": {"lines":{"total":13,"covered":13,"skipped":0,"pct":100},"functions":{"total":1,"covered":1,"skipped":0,"pct":100},"statements":{"total":13,"covered":13,"skipped":0,"pct":100},"branches":{"total":12,"covered":12,"skipped":0,"pct":100}}
,"/home/runner/work/terser-mangle/terser-mangle/src/index.ts": {"lines":{"total":31,"covered":31,"skipped":0,"pct":100},"functions":{"total":6,"covered":6,"skipped":0,"pct":100},"statements":{"total":35,"covered":35,"skipped":0,"pct":100},"branches":{"total":25,"covered":25,"skipped":0,"pct":100}}
,"/home/runner/work/terser-mangle/terser-mangle/src/inputs.ts": {"lines":{"total":36,"covered":36,"skipped":0,"pct":100},"functions":{"total":5,"covered":5,"skipped":0,"pct":100},"statements":{"total":43,"covered":43,"skipped":0,"pct":100},"branches":{"total":20,"covered":20,"skipped":0,"pct":100}}
,"/home/runner/work/terser-mangle/terser-mangle/src/transform.ts": {"lines":{"total":7,"covered":7,"skipped":0,"pct":100},"functions":{"total":2,"covered":2,"skipped":0,"pct":100},"statements":{"total":7,"covered":7,"skipped":0,"pct":100},"branches":{"total":4,"covered":4,"skipped":0,"pct":100}}
,"/home/runner/work/terser-mangle/terser-mangle/src/write.ts": {"lines":{"total":19,"covered":19,"skipped":0,"pct":100},"functions":{"total":5,"covered":5,"skipped":0,"pct":100},"statements":{"total":24,"covered":24,"skipped":0,"pct":100},"branches":{"total":4,"covered":4,"skipped":0,"pct":100}}
}
